2018-06-02 11:44:42,640 INFO 8913 [egg:logger] init all loggers with options: {"dir":"/Users/black/unknownServer/logs/unknownServer","encoding":"utf8","env":"local","level":"INFO","consoleLevel":"INFO","disableConsoleAfterReady":false,"outputJSON":false,"buffer":true,"appLogName":"unknownServer-web.log","coreLogName":"egg-web.log","agentLogName":"egg-agent.log","errorLogName":"common-error.log","coreLogger":{"consoleLevel":"WARN"},"allowDebugAtProd":true,"type":"application"}
2018-06-02 11:44:42,688 INFO 8913 [egg-schedule]: register schedule /Users/black/unknownServer/node_modules/egg-logrotator/app/schedule/clean_log.js
2018-06-02 11:44:42,688 INFO 8913 [egg-schedule]: register schedule /Users/black/unknownServer/node_modules/egg-logrotator/app/schedule/rotate_by_file.js
2018-06-02 11:44:42,735 INFO 8913 [egg-static] starting static serve /public/ -> /Users/black/unknownServer/app/public
2018-06-02 11:44:42,738 INFO 8913 [egg-security] use csrf middleware
2018-06-02 11:44:42,739 INFO 8913 [egg-security] use methodnoallow middleware
2018-06-02 11:44:42,740 INFO 8913 [egg-security] use noopen middleware
2018-06-02 11:44:42,740 INFO 8913 [egg-security] use nosniff middleware
2018-06-02 11:44:42,740 INFO 8913 [egg-security] use xssProtection middleware
2018-06-02 11:44:42,741 INFO 8913 [egg-security] use xframe middleware
2018-06-02 11:44:42,741 INFO 8913 [egg-security] use dta middleware
2018-06-02 11:44:42,741 INFO 8913 [egg-security] compose 7 middlewares into one security middleware
2018-06-02 11:44:42,753 INFO 8913 [egg:core] dump config after load, 7ms
2018-06-02 11:44:42,785 INFO 8913 [egg-watcher:app] watcher start success
2018-06-02 11:44:42,790 INFO 8913 [egg:core] dump config after ready, 3ms
2018-06-02 11:46:42,284 INFO 8918 [egg:logger] init all loggers with options: {"dir":"/Users/black/unknownServer/logs/unknownServer","encoding":"utf8","env":"local","level":"INFO","consoleLevel":"INFO","disableConsoleAfterReady":false,"outputJSON":false,"buffer":true,"appLogName":"unknownServer-web.log","coreLogName":"egg-web.log","agentLogName":"egg-agent.log","errorLogName":"common-error.log","coreLogger":{"consoleLevel":"WARN"},"allowDebugAtProd":true,"type":"application"}
2018-06-02 11:46:42,336 INFO 8918 [egg-schedule]: register schedule /Users/black/unknownServer/node_modules/egg-logrotator/app/schedule/clean_log.js
2018-06-02 11:46:42,336 INFO 8918 [egg-schedule]: register schedule /Users/black/unknownServer/node_modules/egg-logrotator/app/schedule/rotate_by_file.js
2018-06-02 11:46:42,405 INFO 8918 [egg-static] starting static serve /public/ -> /Users/black/unknownServer/app/public
2018-06-02 11:46:42,412 INFO 8918 [egg-security] use csrf middleware
2018-06-02 11:46:42,414 INFO 8918 [egg-security] use methodnoallow middleware
2018-06-02 11:46:42,415 INFO 8918 [egg-security] use noopen middleware
2018-06-02 11:46:42,415 INFO 8918 [egg-security] use nosniff middleware
2018-06-02 11:46:42,416 INFO 8918 [egg-security] use xssProtection middleware
2018-06-02 11:46:42,417 INFO 8918 [egg-security] use xframe middleware
2018-06-02 11:46:42,417 INFO 8918 [egg-security] use dta middleware
2018-06-02 11:46:42,417 INFO 8918 [egg-security] compose 7 middlewares into one security middleware
2018-06-02 11:46:42,447 INFO 8918 [egg:core] dump config after load, 21ms
2018-06-02 11:46:42,485 INFO 8918 [egg-watcher:app] watcher start success
2018-06-02 11:46:42,492 INFO 8918 [egg:core] dump config after ready, 5ms
2018-06-02 11:46:43,241 INFO 8919 [egg:logger] init all loggers with options: {"dir":"/Users/black/unknownServer/logs/unknownServer","encoding":"utf8","env":"local","level":"INFO","consoleLevel":"INFO","disableConsoleAfterReady":false,"outputJSON":false,"buffer":true,"appLogName":"unknownServer-web.log","coreLogName":"egg-web.log","agentLogName":"egg-agent.log","errorLogName":"common-error.log","coreLogger":{"consoleLevel":"WARN"},"allowDebugAtProd":true,"type":"application"}
2018-06-02 11:46:43,292 INFO 8919 [egg-schedule]: register schedule /Users/black/unknownServer/node_modules/egg-logrotator/app/schedule/clean_log.js
2018-06-02 11:46:43,292 INFO 8919 [egg-schedule]: register schedule /Users/black/unknownServer/node_modules/egg-logrotator/app/schedule/rotate_by_file.js
2018-06-02 11:46:43,338 INFO 8919 [egg-static] starting static serve /public/ -> /Users/black/unknownServer/app/public
2018-06-02 11:46:43,341 INFO 8919 [egg-security] use csrf middleware
2018-06-02 11:46:43,342 INFO 8919 [egg-security] use methodnoallow middleware
2018-06-02 11:46:43,342 INFO 8919 [egg-security] use noopen middleware
2018-06-02 11:46:43,343 INFO 8919 [egg-security] use nosniff middleware
2018-06-02 11:46:43,343 INFO 8919 [egg-security] use xssProtection middleware
2018-06-02 11:46:43,343 INFO 8919 [egg-security] use xframe middleware
2018-06-02 11:46:43,344 INFO 8919 [egg-security] use dta middleware
2018-06-02 11:46:43,344 INFO 8919 [egg-security] compose 7 middlewares into one security middleware
2018-06-02 11:46:43,354 INFO 8919 [egg:core] dump config after load, 6ms
2018-06-02 11:46:43,383 INFO 8919 [egg-watcher:app] watcher start success
2018-06-02 11:46:43,389 INFO 8919 [egg:core] dump config after ready, 4ms
2018-06-02 11:47:08,160 INFO 8920 [egg:logger] init all loggers with options: {"dir":"/Users/black/unknownServer/logs/unknownServer","encoding":"utf8","env":"local","level":"INFO","consoleLevel":"INFO","disableConsoleAfterReady":false,"outputJSON":false,"buffer":true,"appLogName":"unknownServer-web.log","coreLogName":"egg-web.log","agentLogName":"egg-agent.log","errorLogName":"common-error.log","coreLogger":{"consoleLevel":"WARN"},"allowDebugAtProd":true,"type":"application"}
2018-06-02 11:47:08,228 INFO 8920 [egg-schedule]: register schedule /Users/black/unknownServer/node_modules/egg-logrotator/app/schedule/clean_log.js
2018-06-02 11:47:08,228 INFO 8920 [egg-schedule]: register schedule /Users/black/unknownServer/node_modules/egg-logrotator/app/schedule/rotate_by_file.js
2018-06-02 11:47:08,313 INFO 8920 [egg-static] starting static serve /public/ -> /Users/black/unknownServer/app/public
2018-06-02 11:47:08,321 INFO 8920 [egg-security] use csrf middleware
2018-06-02 11:47:08,322 INFO 8920 [egg-security] use methodnoallow middleware
2018-06-02 11:47:08,322 INFO 8920 [egg-security] use noopen middleware
2018-06-02 11:47:08,323 INFO 8920 [egg-security] use nosniff middleware
2018-06-02 11:47:08,323 INFO 8920 [egg-security] use xssProtection middleware
2018-06-02 11:47:08,323 INFO 8920 [egg-security] use xframe middleware
2018-06-02 11:47:08,324 INFO 8920 [egg-security] use dta middleware
2018-06-02 11:47:08,324 INFO 8920 [egg-security] compose 7 middlewares into one security middleware
2018-06-02 11:47:08,347 INFO 8920 [egg:core] dump config after load, 11ms
2018-06-02 11:47:08,400 INFO 8920 [egg-watcher:app] watcher start success
2018-06-02 11:47:08,406 INFO 8920 [egg:core] dump config after ready, 4ms
2018-06-02 11:48:01,353 INFO 8921 [egg:logger] init all loggers with options: {"dir":"/Users/black/unknownServer/logs/unknownServer","encoding":"utf8","env":"local","level":"INFO","consoleLevel":"INFO","disableConsoleAfterReady":false,"outputJSON":false,"buffer":true,"appLogName":"unknownServer-web.log","coreLogName":"egg-web.log","agentLogName":"egg-agent.log","errorLogName":"common-error.log","coreLogger":{"consoleLevel":"WARN"},"allowDebugAtProd":true,"type":"application"}
2018-06-02 11:48:01,401 INFO 8921 [egg-schedule]: register schedule /Users/black/unknownServer/node_modules/egg-logrotator/app/schedule/clean_log.js
2018-06-02 11:48:01,401 INFO 8921 [egg-schedule]: register schedule /Users/black/unknownServer/node_modules/egg-logrotator/app/schedule/rotate_by_file.js
2018-06-02 11:48:01,446 INFO 8921 [egg-static] starting static serve /public/ -> /Users/black/unknownServer/app/public
2018-06-02 11:48:01,449 INFO 8921 [egg-security] use csrf middleware
2018-06-02 11:48:01,450 INFO 8921 [egg-security] use methodnoallow middleware
2018-06-02 11:48:01,450 INFO 8921 [egg-security] use noopen middleware
2018-06-02 11:48:01,451 INFO 8921 [egg-security] use nosniff middleware
2018-06-02 11:48:01,451 INFO 8921 [egg-security] use xssProtection middleware
2018-06-02 11:48:01,452 INFO 8921 [egg-security] use xframe middleware
2018-06-02 11:48:01,452 INFO 8921 [egg-security] use dta middleware
2018-06-02 11:48:01,452 INFO 8921 [egg-security] compose 7 middlewares into one security middleware
2018-06-02 11:48:01,462 INFO 8921 [egg:core] dump config after load, 6ms
2018-06-02 11:48:01,486 INFO 8921 [egg-watcher:app] watcher start success
2018-06-02 11:48:01,492 INFO 8921 [egg:core] dump config after ready, 4ms
2018-06-02 11:48:25,228 INFO 8922 [egg:logger] init all loggers with options: {"dir":"/Users/black/unknownServer/logs/unknownServer","encoding":"utf8","env":"local","level":"INFO","consoleLevel":"INFO","disableConsoleAfterReady":false,"outputJSON":false,"buffer":true,"appLogName":"unknownServer-web.log","coreLogName":"egg-web.log","agentLogName":"egg-agent.log","errorLogName":"common-error.log","coreLogger":{"consoleLevel":"WARN"},"allowDebugAtProd":true,"type":"application"}
2018-06-02 11:48:25,274 INFO 8922 [egg-schedule]: register schedule /Users/black/unknownServer/node_modules/egg-logrotator/app/schedule/clean_log.js
2018-06-02 11:48:25,275 INFO 8922 [egg-schedule]: register schedule /Users/black/unknownServer/node_modules/egg-logrotator/app/schedule/rotate_by_file.js
2018-06-02 11:48:25,314 INFO 8922 [egg-static] starting static serve /public/ -> /Users/black/unknownServer/app/public
2018-06-02 11:48:25,317 INFO 8922 [egg-security] use csrf middleware
2018-06-02 11:48:25,318 INFO 8922 [egg-security] use methodnoallow middleware
2018-06-02 11:48:25,318 INFO 8922 [egg-security] use noopen middleware
2018-06-02 11:48:25,319 INFO 8922 [egg-security] use nosniff middleware
2018-06-02 11:48:25,319 INFO 8922 [egg-security] use xssProtection middleware
2018-06-02 11:48:25,320 INFO 8922 [egg-security] use xframe middleware
2018-06-02 11:48:25,320 INFO 8922 [egg-security] use dta middleware
2018-06-02 11:48:25,320 INFO 8922 [egg-security] compose 7 middlewares into one security middleware
2018-06-02 11:48:25,330 INFO 8922 [egg:core] dump config after load, 6ms
2018-06-02 11:48:25,360 INFO 8922 [egg-watcher:app] watcher start success
2018-06-02 11:48:25,365 INFO 8922 [egg:core] dump config after ready, 3ms
2018-06-02 11:48:30,816 INFO 8923 [egg:logger] init all loggers with options: {"dir":"/Users/black/unknownServer/logs/unknownServer","encoding":"utf8","env":"local","level":"INFO","consoleLevel":"INFO","disableConsoleAfterReady":false,"outputJSON":false,"buffer":true,"appLogName":"unknownServer-web.log","coreLogName":"egg-web.log","agentLogName":"egg-agent.log","errorLogName":"common-error.log","coreLogger":{"consoleLevel":"WARN"},"allowDebugAtProd":true,"type":"application"}
2018-06-02 11:48:30,862 INFO 8923 [egg-schedule]: register schedule /Users/black/unknownServer/node_modules/egg-logrotator/app/schedule/clean_log.js
2018-06-02 11:48:30,863 INFO 8923 [egg-schedule]: register schedule /Users/black/unknownServer/node_modules/egg-logrotator/app/schedule/rotate_by_file.js
2018-06-02 11:48:30,906 INFO 8923 [egg-static] starting static serve /public/ -> /Users/black/unknownServer/app/public
2018-06-02 11:48:30,910 INFO 8923 [egg-security] use csrf middleware
2018-06-02 11:48:30,911 INFO 8923 [egg-security] use methodnoallow middleware
2018-06-02 11:48:30,911 INFO 8923 [egg-security] use noopen middleware
2018-06-02 11:48:30,912 INFO 8923 [egg-security] use nosniff middleware
2018-06-02 11:48:30,912 INFO 8923 [egg-security] use xssProtection middleware
2018-06-02 11:48:30,912 INFO 8923 [egg-security] use xframe middleware
2018-06-02 11:48:30,913 INFO 8923 [egg-security] use dta middleware
2018-06-02 11:48:30,913 INFO 8923 [egg-security] compose 7 middlewares into one security middleware
2018-06-02 11:48:30,924 INFO 8923 [egg:core] dump config after load, 6ms
2018-06-02 11:48:30,952 INFO 8923 [egg-watcher:app] watcher start success
2018-06-02 11:48:30,957 INFO 8923 [egg:core] dump config after ready, 3ms
2018-06-02 11:48:52,201 INFO 8924 [egg:logger] init all loggers with options: {"dir":"/Users/black/unknownServer/logs/unknownServer","encoding":"utf8","env":"local","level":"INFO","consoleLevel":"INFO","disableConsoleAfterReady":false,"outputJSON":false,"buffer":true,"appLogName":"unknownServer-web.log","coreLogName":"egg-web.log","agentLogName":"egg-agent.log","errorLogName":"common-error.log","coreLogger":{"consoleLevel":"WARN"},"allowDebugAtProd":true,"type":"application"}
2018-06-02 11:48:52,285 INFO 8924 [egg-schedule]: register schedule /Users/black/unknownServer/node_modules/egg-logrotator/app/schedule/clean_log.js
2018-06-02 11:48:52,285 INFO 8924 [egg-schedule]: register schedule /Users/black/unknownServer/node_modules/egg-logrotator/app/schedule/rotate_by_file.js
2018-06-02 11:48:52,339 INFO 8924 [egg-static] starting static serve /public/ -> /Users/black/unknownServer/app/public
2018-06-02 11:48:52,344 INFO 8924 [egg-security] use csrf middleware
2018-06-02 11:48:52,345 INFO 8924 [egg-security] use methodnoallow middleware
2018-06-02 11:48:52,345 INFO 8924 [egg-security] use noopen middleware
2018-06-02 11:48:52,346 INFO 8924 [egg-security] use nosniff middleware
2018-06-02 11:48:52,346 INFO 8924 [egg-security] use xssProtection middleware
2018-06-02 11:48:52,347 INFO 8924 [egg-security] use xframe middleware
2018-06-02 11:48:52,347 INFO 8924 [egg-security] use dta middleware
2018-06-02 11:48:52,347 INFO 8924 [egg-security] compose 7 middlewares into one security middleware
2018-06-02 11:48:52,360 INFO 8924 [egg:core] dump config after load, 7ms
2018-06-02 11:48:52,389 INFO 8924 [egg-watcher:app] watcher start success
2018-06-02 11:48:52,395 INFO 8924 [egg:core] dump config after ready, 4ms
2018-06-02 11:48:58,385 INFO 8925 [egg:logger] init all loggers with options: {"dir":"/Users/black/unknownServer/logs/unknownServer","encoding":"utf8","env":"local","level":"INFO","consoleLevel":"INFO","disableConsoleAfterReady":false,"outputJSON":false,"buffer":true,"appLogName":"unknownServer-web.log","coreLogName":"egg-web.log","agentLogName":"egg-agent.log","errorLogName":"common-error.log","coreLogger":{"consoleLevel":"WARN"},"allowDebugAtProd":true,"type":"application"}
2018-06-02 11:48:58,441 INFO 8925 [egg-schedule]: register schedule /Users/black/unknownServer/node_modules/egg-logrotator/app/schedule/clean_log.js
2018-06-02 11:48:58,441 INFO 8925 [egg-schedule]: register schedule /Users/black/unknownServer/node_modules/egg-logrotator/app/schedule/rotate_by_file.js
2018-06-02 11:48:58,484 INFO 8925 [egg-static] starting static serve /public/ -> /Users/black/unknownServer/app/public
2018-06-02 11:48:58,487 INFO 8925 [egg-security] use csrf middleware
2018-06-02 11:48:58,488 INFO 8925 [egg-security] use methodnoallow middleware
2018-06-02 11:48:58,488 INFO 8925 [egg-security] use noopen middleware
2018-06-02 11:48:58,489 INFO 8925 [egg-security] use nosniff middleware
2018-06-02 11:48:58,490 INFO 8925 [egg-security] use xssProtection middleware
2018-06-02 11:48:58,490 INFO 8925 [egg-security] use xframe middleware
2018-06-02 11:48:58,490 INFO 8925 [egg-security] use dta middleware
2018-06-02 11:48:58,490 INFO 8925 [egg-security] compose 7 middlewares into one security middleware
2018-06-02 11:48:58,502 INFO 8925 [egg:core] dump config after load, 7ms
2018-06-02 11:48:58,536 INFO 8925 [egg-watcher:app] watcher start success
2018-06-02 11:48:58,542 INFO 8925 [egg:core] dump config after ready, 4ms
2018-06-02 11:49:08,769 INFO 8926 [egg:logger] init all loggers with options: {"dir":"/Users/black/unknownServer/logs/unknownServer","encoding":"utf8","env":"local","level":"INFO","consoleLevel":"INFO","disableConsoleAfterReady":false,"outputJSON":false,"buffer":true,"appLogName":"unknownServer-web.log","coreLogName":"egg-web.log","agentLogName":"egg-agent.log","errorLogName":"common-error.log","coreLogger":{"consoleLevel":"WARN"},"allowDebugAtProd":true,"type":"application"}
2018-06-02 11:49:08,812 INFO 8926 [egg-schedule]: register schedule /Users/black/unknownServer/node_modules/egg-logrotator/app/schedule/clean_log.js
2018-06-02 11:49:08,812 INFO 8926 [egg-schedule]: register schedule /Users/black/unknownServer/node_modules/egg-logrotator/app/schedule/rotate_by_file.js
2018-06-02 11:49:08,854 INFO 8926 [egg-static] starting static serve /public/ -> /Users/black/unknownServer/app/public
2018-06-02 11:49:08,857 INFO 8926 [egg-security] use csrf middleware
2018-06-02 11:49:08,858 INFO 8926 [egg-security] use methodnoallow middleware
2018-06-02 11:49:08,859 INFO 8926 [egg-security] use noopen middleware
2018-06-02 11:49:08,859 INFO 8926 [egg-security] use nosniff middleware
2018-06-02 11:49:08,860 INFO 8926 [egg-security] use xssProtection middleware
2018-06-02 11:49:08,860 INFO 8926 [egg-security] use xframe middleware
2018-06-02 11:49:08,860 INFO 8926 [egg-security] use dta middleware
2018-06-02 11:49:08,860 INFO 8926 [egg-security] compose 7 middlewares into one security middleware
2018-06-02 11:49:08,871 INFO 8926 [egg:core] dump config after load, 6ms
2018-06-02 11:49:08,900 INFO 8926 [egg-watcher:app] watcher start success
2018-06-02 11:49:08,905 INFO 8926 [egg:core] dump config after ready, 4ms
2018-06-02 11:49:38,021 INFO 8927 [egg:logger] init all loggers with options: {"dir":"/Users/black/unknownServer/logs/unknownServer","encoding":"utf8","env":"local","level":"INFO","consoleLevel":"INFO","disableConsoleAfterReady":false,"outputJSON":false,"buffer":true,"appLogName":"unknownServer-web.log","coreLogName":"egg-web.log","agentLogName":"egg-agent.log","errorLogName":"common-error.log","coreLogger":{"consoleLevel":"WARN"},"allowDebugAtProd":true,"type":"application"}
2018-06-02 11:49:38,075 INFO 8927 [egg-schedule]: register schedule /Users/black/unknownServer/node_modules/egg-logrotator/app/schedule/clean_log.js
2018-06-02 11:49:38,075 INFO 8927 [egg-schedule]: register schedule /Users/black/unknownServer/node_modules/egg-logrotator/app/schedule/rotate_by_file.js
2018-06-02 11:49:38,132 INFO 8927 [egg-static] starting static serve /public/ -> /Users/black/unknownServer/app/public
2018-06-02 11:49:38,137 INFO 8927 [egg-security] use csrf middleware
2018-06-02 11:49:38,138 INFO 8927 [egg-security] use methodnoallow middleware
2018-06-02 11:49:38,138 INFO 8927 [egg-security] use noopen middleware
2018-06-02 11:49:38,138 INFO 8927 [egg-security] use nosniff middleware
2018-06-02 11:49:38,139 INFO 8927 [egg-security] use xssProtection middleware
2018-06-02 11:49:38,139 INFO 8927 [egg-security] use xframe middleware
2018-06-02 11:49:38,140 INFO 8927 [egg-security] use dta middleware
2018-06-02 11:49:38,140 INFO 8927 [egg-security] compose 7 middlewares into one security middleware
2018-06-02 11:49:38,154 INFO 8927 [egg:core] dump config after load, 7ms
2018-06-02 11:49:38,185 INFO 8927 [egg-watcher:app] watcher start success
2018-06-02 11:49:38,190 INFO 8927 [egg:core] dump config after ready, 3ms
2018-06-02 11:49:42,785 INFO 8928 [egg:logger] init all loggers with options: {"dir":"/Users/black/unknownServer/logs/unknownServer","encoding":"utf8","env":"local","level":"INFO","consoleLevel":"INFO","disableConsoleAfterReady":false,"outputJSON":false,"buffer":true,"appLogName":"unknownServer-web.log","coreLogName":"egg-web.log","agentLogName":"egg-agent.log","errorLogName":"common-error.log","coreLogger":{"consoleLevel":"WARN"},"allowDebugAtProd":true,"type":"application"}
2018-06-02 11:49:42,835 INFO 8928 [egg-schedule]: register schedule /Users/black/unknownServer/node_modules/egg-logrotator/app/schedule/clean_log.js
2018-06-02 11:49:42,835 INFO 8928 [egg-schedule]: register schedule /Users/black/unknownServer/node_modules/egg-logrotator/app/schedule/rotate_by_file.js
2018-06-02 11:49:42,881 INFO 8928 [egg-static] starting static serve /public/ -> /Users/black/unknownServer/app/public
2018-06-02 11:49:42,884 INFO 8928 [egg-security] use csrf middleware
2018-06-02 11:49:42,885 INFO 8928 [egg-security] use methodnoallow middleware
2018-06-02 11:49:42,885 INFO 8928 [egg-security] use noopen middleware
2018-06-02 11:49:42,886 INFO 8928 [egg-security] use nosniff middleware
2018-06-02 11:49:42,886 INFO 8928 [egg-security] use xssProtection middleware
2018-06-02 11:49:42,887 INFO 8928 [egg-security] use xframe middleware
2018-06-02 11:49:42,887 INFO 8928 [egg-security] use dta middleware
2018-06-02 11:49:42,887 INFO 8928 [egg-security] compose 7 middlewares into one security middleware
2018-06-02 11:49:42,898 INFO 8928 [egg:core] dump config after load, 7ms
2018-06-02 11:49:42,926 INFO 8928 [egg-watcher:app] watcher start success
2018-06-02 11:49:42,931 INFO 8928 [egg:core] dump config after ready, 3ms
2018-06-02 11:50:00,591 INFO 8929 [egg:logger] init all loggers with options: {"dir":"/Users/black/unknownServer/logs/unknownServer","encoding":"utf8","env":"local","level":"INFO","consoleLevel":"INFO","disableConsoleAfterReady":false,"outputJSON":false,"buffer":true,"appLogName":"unknownServer-web.log","coreLogName":"egg-web.log","agentLogName":"egg-agent.log","errorLogName":"common-error.log","coreLogger":{"consoleLevel":"WARN"},"allowDebugAtProd":true,"type":"application"}
2018-06-02 11:50:00,641 INFO 8929 [egg-schedule]: register schedule /Users/black/unknownServer/node_modules/egg-logrotator/app/schedule/clean_log.js
2018-06-02 11:50:00,641 INFO 8929 [egg-schedule]: register schedule /Users/black/unknownServer/node_modules/egg-logrotator/app/schedule/rotate_by_file.js
2018-06-02 11:50:00,685 INFO 8929 [egg-static] starting static serve /public/ -> /Users/black/unknownServer/app/public
2018-06-02 11:50:00,688 INFO 8929 [egg-security] use csrf middleware
2018-06-02 11:50:00,688 INFO 8929 [egg-security] use methodnoallow middleware
2018-06-02 11:50:00,689 INFO 8929 [egg-security] use noopen middleware
2018-06-02 11:50:00,689 INFO 8929 [egg-security] use nosniff middleware
2018-06-02 11:50:00,689 INFO 8929 [egg-security] use xssProtection middleware
2018-06-02 11:50:00,690 INFO 8929 [egg-security] use xframe middleware
2018-06-02 11:50:00,690 INFO 8929 [egg-security] use dta middleware
2018-06-02 11:50:00,690 INFO 8929 [egg-security] compose 7 middlewares into one security middleware
2018-06-02 11:50:00,702 INFO 8929 [egg:core] dump config after load, 6ms
2018-06-02 11:50:00,732 INFO 8929 [egg-watcher:app] watcher start success
2018-06-02 11:50:00,737 INFO 8929 [egg:core] dump config after ready, 4ms
2018-06-02 11:50:30,744 INFO 8931 [egg:logger] init all loggers with options: {"dir":"/Users/black/unknownServer/logs/unknownServer","encoding":"utf8","env":"local","level":"INFO","consoleLevel":"INFO","disableConsoleAfterReady":false,"outputJSON":false,"buffer":true,"appLogName":"unknownServer-web.log","coreLogName":"egg-web.log","agentLogName":"egg-agent.log","errorLogName":"common-error.log","coreLogger":{"consoleLevel":"WARN"},"allowDebugAtProd":true,"type":"application"}
2018-06-02 11:50:30,789 INFO 8931 [egg-schedule]: register schedule /Users/black/unknownServer/node_modules/egg-logrotator/app/schedule/clean_log.js
2018-06-02 11:50:30,789 INFO 8931 [egg-schedule]: register schedule /Users/black/unknownServer/node_modules/egg-logrotator/app/schedule/rotate_by_file.js
2018-06-02 11:50:30,831 INFO 8931 [egg-static] starting static serve /public/ -> /Users/black/unknownServer/app/public
2018-06-02 11:50:30,834 INFO 8931 [egg-security] use csrf middleware
2018-06-02 11:50:30,835 INFO 8931 [egg-security] use methodnoallow middleware
2018-06-02 11:50:30,835 INFO 8931 [egg-security] use noopen middleware
2018-06-02 11:50:30,836 INFO 8931 [egg-security] use nosniff middleware
2018-06-02 11:50:30,836 INFO 8931 [egg-security] use xssProtection middleware
2018-06-02 11:50:30,837 INFO 8931 [egg-security] use xframe middleware
2018-06-02 11:50:30,837 INFO 8931 [egg-security] use dta middleware
2018-06-02 11:50:30,837 INFO 8931 [egg-security] compose 7 middlewares into one security middleware
2018-06-02 11:50:30,849 INFO 8931 [egg:core] dump config after load, 8ms
2018-06-02 11:50:30,877 INFO 8931 [egg-watcher:app] watcher start success
2018-06-02 11:50:30,882 INFO 8931 [egg:core] dump config after ready, 3ms
2018-06-02 11:52:43,899 INFO 8938 [egg:logger] init all loggers with options: {"dir":"/Users/black/unknownServer/logs/unknownServer","encoding":"utf8","env":"local","level":"INFO","consoleLevel":"INFO","disableConsoleAfterReady":false,"outputJSON":false,"buffer":true,"appLogName":"unknownServer-web.log","coreLogName":"egg-web.log","agentLogName":"egg-agent.log","errorLogName":"common-error.log","coreLogger":{"consoleLevel":"WARN"},"allowDebugAtProd":true,"type":"application"}
2018-06-02 11:52:43,942 INFO 8938 [egg-schedule]: register schedule /Users/black/unknownServer/node_modules/egg-logrotator/app/schedule/clean_log.js
2018-06-02 11:52:43,942 INFO 8938 [egg-schedule]: register schedule /Users/black/unknownServer/node_modules/egg-logrotator/app/schedule/rotate_by_file.js
2018-06-02 11:52:43,983 INFO 8938 [egg-static] starting static serve /public/ -> /Users/black/unknownServer/app/public
2018-06-02 11:52:43,986 INFO 8938 [egg-security] use csrf middleware
2018-06-02 11:52:43,987 INFO 8938 [egg-security] use methodnoallow middleware
2018-06-02 11:52:43,987 INFO 8938 [egg-security] use noopen middleware
2018-06-02 11:52:43,987 INFO 8938 [egg-security] use nosniff middleware
2018-06-02 11:52:43,988 INFO 8938 [egg-security] use xssProtection middleware
2018-06-02 11:52:43,988 INFO 8938 [egg-security] use xframe middleware
2018-06-02 11:52:43,989 INFO 8938 [egg-security] use dta middleware
2018-06-02 11:52:43,989 INFO 8938 [egg-security] compose 7 middlewares into one security middleware
2018-06-02 11:52:44,000 INFO 8938 [egg:core] dump config after load, 6ms
2018-06-02 11:52:44,031 INFO 8938 [egg-watcher:app] watcher start success
2018-06-02 11:52:44,037 INFO 8938 [egg:core] dump config after ready, 4ms
2018-06-02 11:53:22,078 INFO 8944 [egg:logger] init all loggers with options: {"dir":"/Users/black/unknownServer/logs/unknownServer","encoding":"utf8","env":"local","level":"INFO","consoleLevel":"INFO","disableConsoleAfterReady":false,"outputJSON":false,"buffer":true,"appLogName":"unknownServer-web.log","coreLogName":"egg-web.log","agentLogName":"egg-agent.log","errorLogName":"common-error.log","coreLogger":{"consoleLevel":"WARN"},"allowDebugAtProd":true,"type":"application"}
2018-06-02 11:53:22,120 INFO 8944 [egg-schedule]: register schedule /Users/black/unknownServer/node_modules/egg-logrotator/app/schedule/clean_log.js
2018-06-02 11:53:22,120 INFO 8944 [egg-schedule]: register schedule /Users/black/unknownServer/node_modules/egg-logrotator/app/schedule/rotate_by_file.js
2018-06-02 11:53:22,162 INFO 8944 [egg-static] starting static serve /public/ -> /Users/black/unknownServer/app/public
2018-06-02 11:53:22,165 INFO 8944 [egg-security] use csrf middleware
2018-06-02 11:53:22,166 INFO 8944 [egg-security] use methodnoallow middleware
2018-06-02 11:53:22,167 INFO 8944 [egg-security] use noopen middleware
2018-06-02 11:53:22,167 INFO 8944 [egg-security] use nosniff middleware
2018-06-02 11:53:22,167 INFO 8944 [egg-security] use xssProtection middleware
2018-06-02 11:53:22,168 INFO 8944 [egg-security] use xframe middleware
2018-06-02 11:53:22,168 INFO 8944 [egg-security] use dta middleware
2018-06-02 11:53:22,168 INFO 8944 [egg-security] compose 7 middlewares into one security middleware
2018-06-02 11:53:22,179 INFO 8944 [egg:core] dump config after load, 5ms
2018-06-02 11:53:22,210 INFO 8944 [egg-watcher:app] watcher start success
2018-06-02 11:53:22,215 INFO 8944 [egg:core] dump config after ready, 3ms
2018-06-02 11:53:40,467 INFO 8946 [egg:logger] init all loggers with options: {"dir":"/Users/black/unknownServer/logs/unknownServer","encoding":"utf8","env":"local","level":"INFO","consoleLevel":"INFO","disableConsoleAfterReady":false,"outputJSON":false,"buffer":true,"appLogName":"unknownServer-web.log","coreLogName":"egg-web.log","agentLogName":"egg-agent.log","errorLogName":"common-error.log","coreLogger":{"consoleLevel":"WARN"},"allowDebugAtProd":true,"type":"application"}
2018-06-02 11:53:40,510 INFO 8946 [egg-schedule]: register schedule /Users/black/unknownServer/node_modules/egg-logrotator/app/schedule/clean_log.js
2018-06-02 11:53:40,510 INFO 8946 [egg-schedule]: register schedule /Users/black/unknownServer/node_modules/egg-logrotator/app/schedule/rotate_by_file.js
2018-06-02 11:53:40,553 INFO 8946 [egg-static] starting static serve /public/ -> /Users/black/unknownServer/app/public
2018-06-02 11:53:40,556 INFO 8946 [egg-security] use csrf middleware
2018-06-02 11:53:40,557 INFO 8946 [egg-security] use methodnoallow middleware
2018-06-02 11:53:40,558 INFO 8946 [egg-security] use noopen middleware
2018-06-02 11:53:40,558 INFO 8946 [egg-security] use nosniff middleware
2018-06-02 11:53:40,558 INFO 8946 [egg-security] use xssProtection middleware
2018-06-02 11:53:40,559 INFO 8946 [egg-security] use xframe middleware
2018-06-02 11:53:40,559 INFO 8946 [egg-security] use dta middleware
2018-06-02 11:53:40,559 INFO 8946 [egg-security] compose 7 middlewares into one security middleware
2018-06-02 11:53:40,571 INFO 8946 [egg:core] dump config after load, 6ms
2018-06-02 11:53:40,599 INFO 8946 [egg-watcher:app] watcher start success
2018-06-02 11:53:40,606 INFO 8946 [egg:core] dump config after ready, 4ms
2018-06-02 15:08:48,525 INFO 9090 [egg:logger] init all loggers with options: {"dir":"/Users/black/unknownServer/logs/unknownServer","encoding":"utf8","env":"local","level":"INFO","consoleLevel":"INFO","disableConsoleAfterReady":false,"outputJSON":false,"buffer":true,"appLogName":"unknownServer-web.log","coreLogName":"egg-web.log","agentLogName":"egg-agent.log","errorLogName":"common-error.log","coreLogger":{"consoleLevel":"WARN"},"allowDebugAtProd":true,"type":"application"}
2018-06-02 15:08:48,580 INFO 9090 [egg-schedule]: register schedule /Users/black/unknownServer/node_modules/egg-logrotator/app/schedule/clean_log.js
2018-06-02 15:08:48,580 INFO 9090 [egg-schedule]: register schedule /Users/black/unknownServer/node_modules/egg-logrotator/app/schedule/rotate_by_file.js
2018-06-02 15:08:48,580 INFO 9090 [egg-schedule]: register schedule /Users/black/unknownServer/node_modules/egg-alinode/app/schedule/removeLogs.js
2018-06-02 15:08:48,629 INFO 9090 [egg-static] starting static serve /public/ -> /Users/black/unknownServer/app/public
2018-06-02 15:08:48,633 INFO 9090 [egg-security] use csrf middleware
2018-06-02 15:08:48,634 INFO 9090 [egg-security] use methodnoallow middleware
2018-06-02 15:08:48,634 INFO 9090 [egg-security] use noopen middleware
2018-06-02 15:08:48,635 INFO 9090 [egg-security] use nosniff middleware
2018-06-02 15:08:48,635 INFO 9090 [egg-security] use xssProtection middleware
2018-06-02 15:08:48,635 INFO 9090 [egg-security] use xframe middleware
2018-06-02 15:08:48,636 INFO 9090 [egg-security] use dta middleware
2018-06-02 15:08:48,636 INFO 9090 [egg-security] compose 7 middlewares into one security middleware
2018-06-02 15:08:48,650 INFO 9090 [egg:core] dump config after load, 6ms
2018-06-02 15:08:48,683 INFO 9090 [egg-watcher:app] watcher start success
2018-06-02 15:08:48,690 INFO 9090 [egg:core] dump config after ready, 5ms
2018-06-02 15:09:40,183 INFO 9092 [egg:logger] init all loggers with options: {"dir":"/Users/black/unknownServer/logs/unknownServer","encoding":"utf8","env":"local","level":"INFO","consoleLevel":"INFO","disableConsoleAfterReady":false,"outputJSON":false,"buffer":true,"appLogName":"unknownServer-web.log","coreLogName":"egg-web.log","agentLogName":"egg-agent.log","errorLogName":"common-error.log","coreLogger":{"consoleLevel":"WARN"},"allowDebugAtProd":true,"type":"application"}
2018-06-02 15:09:40,236 INFO 9092 [egg-schedule]: register schedule /Users/black/unknownServer/node_modules/egg-logrotator/app/schedule/clean_log.js
2018-06-02 15:09:40,236 INFO 9092 [egg-schedule]: register schedule /Users/black/unknownServer/node_modules/egg-logrotator/app/schedule/rotate_by_file.js
2018-06-02 15:09:40,236 INFO 9092 [egg-schedule]: register schedule /Users/black/unknownServer/node_modules/egg-alinode/app/schedule/removeLogs.js
2018-06-02 15:09:40,286 INFO 9092 [egg-static] starting static serve /public/ -> /Users/black/unknownServer/app/public
2018-06-02 15:09:40,289 INFO 9092 [egg-security] use csrf middleware
2018-06-02 15:09:40,290 INFO 9092 [egg-security] use methodnoallow middleware
2018-06-02 15:09:40,290 INFO 9092 [egg-security] use noopen middleware
2018-06-02 15:09:40,291 INFO 9092 [egg-security] use nosniff middleware
2018-06-02 15:09:40,292 INFO 9092 [egg-security] use xssProtection middleware
2018-06-02 15:09:40,292 INFO 9092 [egg-security] use xframe middleware
2018-06-02 15:09:40,293 INFO 9092 [egg-security] use dta middleware
2018-06-02 15:09:40,293 INFO 9092 [egg-security] compose 7 middlewares into one security middleware
2018-06-02 15:09:40,308 INFO 9092 [egg:core] dump config after load, 8ms
2018-06-02 15:09:40,339 INFO 9092 [egg-watcher:app] watcher start success
2018-06-02 15:09:40,345 INFO 9092 [egg:core] dump config after ready, 4ms
2018-06-02 15:09:47,699 INFO 9095 [egg:logger] init all loggers with options: {"dir":"/Users/black/unknownServer/logs/unknownServer","encoding":"utf8","env":"local","level":"INFO","consoleLevel":"INFO","disableConsoleAfterReady":false,"outputJSON":false,"buffer":true,"appLogName":"unknownServer-web.log","coreLogName":"egg-web.log","agentLogName":"egg-agent.log","errorLogName":"common-error.log","coreLogger":{"consoleLevel":"WARN"},"allowDebugAtProd":true,"type":"application"}
2018-06-02 15:09:47,749 INFO 9095 [egg-schedule]: register schedule /Users/black/unknownServer/node_modules/egg-logrotator/app/schedule/clean_log.js
2018-06-02 15:09:47,749 INFO 9095 [egg-schedule]: register schedule /Users/black/unknownServer/node_modules/egg-logrotator/app/schedule/rotate_by_file.js
2018-06-02 15:09:47,749 INFO 9095 [egg-schedule]: register schedule /Users/black/unknownServer/node_modules/egg-alinode/app/schedule/removeLogs.js
2018-06-02 15:09:47,789 INFO 9095 [egg-static] starting static serve /public/ -> /Users/black/unknownServer/app/public
2018-06-02 15:09:47,792 INFO 9095 [egg-security] use csrf middleware
2018-06-02 15:09:47,793 INFO 9095 [egg-security] use methodnoallow middleware
2018-06-02 15:09:47,793 INFO 9095 [egg-security] use noopen middleware
2018-06-02 15:09:47,794 INFO 9095 [egg-security] use nosniff middleware
2018-06-02 15:09:47,794 INFO 9095 [egg-security] use xssProtection middleware
2018-06-02 15:09:47,795 INFO 9095 [egg-security] use xframe middleware
2018-06-02 15:09:47,795 INFO 9095 [egg-security] use dta middleware
2018-06-02 15:09:47,795 INFO 9095 [egg-security] compose 7 middlewares into one security middleware
2018-06-02 15:09:47,807 INFO 9095 [egg:core] dump config after load, 7ms
2018-06-02 15:09:47,838 INFO 9095 [egg-watcher:app] watcher start success
2018-06-02 15:09:47,844 INFO 9095 [egg:core] dump config after ready, 4ms
2018-06-02 15:10:59,609 INFO 9099 [egg:logger] init all loggers with options: {"dir":"/Users/black/unknownServer/logs/unknownServer","encoding":"utf8","env":"local","level":"INFO","consoleLevel":"INFO","disableConsoleAfterReady":false,"outputJSON":false,"buffer":true,"appLogName":"unknownServer-web.log","coreLogName":"egg-web.log","agentLogName":"egg-agent.log","errorLogName":"common-error.log","coreLogger":{"consoleLevel":"WARN"},"allowDebugAtProd":true,"type":"application"}
2018-06-02 15:10:59,656 INFO 9099 [egg-schedule]: register schedule /Users/black/unknownServer/node_modules/egg-logrotator/app/schedule/clean_log.js
2018-06-02 15:10:59,656 INFO 9099 [egg-schedule]: register schedule /Users/black/unknownServer/node_modules/egg-logrotator/app/schedule/rotate_by_file.js
2018-06-02 15:10:59,656 INFO 9099 [egg-schedule]: register schedule /Users/black/unknownServer/node_modules/egg-alinode/app/schedule/removeLogs.js
2018-06-02 15:10:59,699 INFO 9099 [egg-static] starting static serve /public/ -> /Users/black/unknownServer/app/public
2018-06-02 15:10:59,703 INFO 9099 [egg-security] use csrf middleware
2018-06-02 15:10:59,704 INFO 9099 [egg-security] use methodnoallow middleware
2018-06-02 15:10:59,705 INFO 9099 [egg-security] use noopen middleware
2018-06-02 15:10:59,705 INFO 9099 [egg-security] use nosniff middleware
2018-06-02 15:10:59,706 INFO 9099 [egg-security] use xssProtection middleware
2018-06-02 15:10:59,706 INFO 9099 [egg-security] use xframe middleware
2018-06-02 15:10:59,707 INFO 9099 [egg-security] use dta middleware
2018-06-02 15:10:59,707 INFO 9099 [egg-security] compose 7 middlewares into one security middleware
2018-06-02 15:10:59,719 INFO 9099 [egg:core] dump config after load, 7ms
2018-06-02 15:10:59,746 INFO 9099 [egg-watcher:app] watcher start success
2018-06-02 15:10:59,753 INFO 9099 [egg:core] dump config after ready, 4ms
2018-06-02 15:12:27,809 INFO 9100 [egg:logger] init all loggers with options: {"dir":"/Users/black/unknownServer/logs/unknownServer","encoding":"utf8","env":"local","level":"INFO","consoleLevel":"INFO","disableConsoleAfterReady":false,"outputJSON":false,"buffer":true,"appLogName":"unknownServer-web.log","coreLogName":"egg-web.log","agentLogName":"egg-agent.log","errorLogName":"common-error.log","coreLogger":{"consoleLevel":"WARN"},"allowDebugAtProd":true,"type":"application"}
2018-06-02 15:12:27,861 INFO 9100 [egg-schedule]: register schedule /Users/black/unknownServer/node_modules/egg-logrotator/app/schedule/clean_log.js
2018-06-02 15:12:27,861 INFO 9100 [egg-schedule]: register schedule /Users/black/unknownServer/node_modules/egg-logrotator/app/schedule/rotate_by_file.js
2018-06-02 15:12:27,861 INFO 9100 [egg-schedule]: register schedule /Users/black/unknownServer/node_modules/egg-alinode/app/schedule/removeLogs.js
2018-06-02 15:12:27,904 INFO 9100 [egg-static] starting static serve /public/ -> /Users/black/unknownServer/app/public
2018-06-02 15:12:27,907 INFO 9100 [egg-security] use csrf middleware
2018-06-02 15:12:27,908 INFO 9100 [egg-security] use methodnoallow middleware
2018-06-02 15:12:27,909 INFO 9100 [egg-security] use noopen middleware
2018-06-02 15:12:27,909 INFO 9100 [egg-security] use nosniff middleware
2018-06-02 15:12:27,910 INFO 9100 [egg-security] use xssProtection middleware
2018-06-02 15:12:27,910 INFO 9100 [egg-security] use xframe middleware
2018-06-02 15:12:27,911 INFO 9100 [egg-security] use dta middleware
2018-06-02 15:12:27,911 INFO 9100 [egg-security] compose 7 middlewares into one security middleware
2018-06-02 15:12:27,922 INFO 9100 [egg:core] dump config after load, 6ms
2018-06-02 15:12:27,953 INFO 9100 [egg-watcher:app] watcher start success
2018-06-02 15:12:27,959 INFO 9100 [egg:core] dump config after ready, 4ms
2018-06-02 15:12:38,651 INFO 9106 [egg:logger] init all loggers with options: {"dir":"/Users/black/unknownServer/logs/unknownServer","encoding":"utf8","env":"local","level":"INFO","consoleLevel":"INFO","disableConsoleAfterReady":false,"outputJSON":false,"buffer":true,"appLogName":"unknownServer-web.log","coreLogName":"egg-web.log","agentLogName":"egg-agent.log","errorLogName":"common-error.log","coreLogger":{"consoleLevel":"WARN"},"allowDebugAtProd":true,"type":"application"}
2018-06-02 15:12:38,699 INFO 9106 [egg-schedule]: register schedule /Users/black/unknownServer/node_modules/egg-logrotator/app/schedule/clean_log.js
2018-06-02 15:12:38,699 INFO 9106 [egg-schedule]: register schedule /Users/black/unknownServer/node_modules/egg-logrotator/app/schedule/rotate_by_file.js
2018-06-02 15:12:38,699 INFO 9106 [egg-schedule]: register schedule /Users/black/unknownServer/node_modules/egg-alinode/app/schedule/removeLogs.js
2018-06-02 15:12:38,740 INFO 9106 [egg-static] starting static serve /public/ -> /Users/black/unknownServer/app/public
2018-06-02 15:12:38,743 INFO 9106 [egg-security] use csrf middleware
2018-06-02 15:12:38,744 INFO 9106 [egg-security] use methodnoallow middleware
2018-06-02 15:12:38,744 INFO 9106 [egg-security] use noopen middleware
2018-06-02 15:12:38,745 INFO 9106 [egg-security] use nosniff middleware
2018-06-02 15:12:38,745 INFO 9106 [egg-security] use xssProtection middleware
2018-06-02 15:12:38,745 INFO 9106 [egg-security] use xframe middleware
2018-06-02 15:12:38,746 INFO 9106 [egg-security] use dta middleware
2018-06-02 15:12:38,746 INFO 9106 [egg-security] compose 7 middlewares into one security middleware
2018-06-02 15:12:38,757 INFO 9106 [egg:core] dump config after load, 6ms
2018-06-02 15:12:38,790 INFO 9106 [egg-watcher:app] watcher start success
2018-06-02 15:12:38,797 INFO 9106 [egg:core] dump config after ready, 5ms
2018-06-02 15:20:03,302 INFO 9573 [egg:logger] init all loggers with options: {"dir":"/Users/black/unknownServer/logs/unknownServer","encoding":"utf8","env":"local","level":"INFO","consoleLevel":"INFO","disableConsoleAfterReady":false,"outputJSON":false,"buffer":true,"appLogName":"unknownServer-web.log","coreLogName":"egg-web.log","agentLogName":"egg-agent.log","errorLogName":"common-error.log","coreLogger":{"consoleLevel":"WARN"},"allowDebugAtProd":true,"type":"application"}
2018-06-02 15:20:03,348 INFO 9573 [egg-schedule]: register schedule /Users/black/unknownServer/node_modules/egg-logrotator/app/schedule/clean_log.js
2018-06-02 15:20:03,348 INFO 9573 [egg-schedule]: register schedule /Users/black/unknownServer/node_modules/egg-logrotator/app/schedule/rotate_by_file.js
2018-06-02 15:20:03,348 INFO 9573 [egg-schedule]: register schedule /Users/black/unknownServer/node_modules/egg-alinode/app/schedule/removeLogs.js
2018-06-02 15:20:03,441 INFO 9573 [egg-static] starting static serve /public/ -> /Users/black/unknownServer/app/public
2018-06-02 15:20:03,445 INFO 9573 [egg-security] use csrf middleware
2018-06-02 15:20:03,446 INFO 9573 [egg-security] use methodnoallow middleware
2018-06-02 15:20:03,454 INFO 9573 [egg-security] use noopen middleware
2018-06-02 15:20:03,455 INFO 9573 [egg-security] use nosniff middleware
2018-06-02 15:20:03,455 INFO 9573 [egg-security] use xssProtection middleware
2018-06-02 15:20:03,455 INFO 9573 [egg-security] use xframe middleware
2018-06-02 15:20:03,456 INFO 9573 [egg-security] use dta middleware
2018-06-02 15:20:03,456 INFO 9573 [egg-security] compose 7 middlewares into one security middleware
2018-06-02 15:20:03,470 INFO 9573 [egg:core] dump config after load, 10ms
2018-06-02 15:20:03,493 INFO 9573 [egg-watcher:app] watcher start success
2018-06-02 15:20:03,507 INFO 9573 [egg:core] dump config after ready, 3ms
2018-06-02 15:20:58,784 INFO 9575 [egg:logger] init all loggers with options: {"dir":"/Users/black/unknownServer/logs/unknownServer","encoding":"utf8","env":"local","level":"INFO","consoleLevel":"INFO","disableConsoleAfterReady":false,"outputJSON":false,"buffer":true,"appLogName":"unknownServer-web.log","coreLogName":"egg-web.log","agentLogName":"egg-agent.log","errorLogName":"common-error.log","coreLogger":{"consoleLevel":"WARN"},"allowDebugAtProd":true,"type":"application"}
2018-06-02 15:20:58,838 INFO 9575 [egg-schedule]: register schedule /Users/black/unknownServer/node_modules/egg-logrotator/app/schedule/clean_log.js
2018-06-02 15:20:58,838 INFO 9575 [egg-schedule]: register schedule /Users/black/unknownServer/node_modules/egg-logrotator/app/schedule/rotate_by_file.js
2018-06-02 15:20:58,839 INFO 9575 [egg-schedule]: register schedule /Users/black/unknownServer/node_modules/egg-alinode/app/schedule/removeLogs.js
2018-06-02 15:20:58,962 INFO 9575 [egg-static] starting static serve /public/ -> /Users/black/unknownServer/app/public
2018-06-02 15:20:58,966 INFO 9575 [egg-security] use csrf middleware
2018-06-02 15:20:58,966 INFO 9575 [egg-security] use methodnoallow middleware
2018-06-02 15:20:58,967 INFO 9575 [egg-security] use noopen middleware
2018-06-02 15:20:58,968 INFO 9575 [egg-security] use nosniff middleware
2018-06-02 15:20:58,974 INFO 9575 [egg-security] use xssProtection middleware
2018-06-02 15:20:58,974 INFO 9575 [egg-security] use xframe middleware
2018-06-02 15:20:58,976 INFO 9575 [egg-security] use dta middleware
2018-06-02 15:20:58,976 INFO 9575 [egg-security] compose 7 middlewares into one security middleware
2018-06-02 15:20:58,995 INFO 9575 [egg:core] dump config after load, 6ms
2018-06-02 15:20:59,012 INFO 9575 [egg-watcher:app] watcher start success
2018-06-02 15:20:59,025 INFO 9575 [egg:core] dump config after ready, 4ms
2018-06-02 15:21:31,582 INFO 9580 [egg:logger] init all loggers with options: {"dir":"/Users/black/unknownServer/logs/unknownServer","encoding":"utf8","env":"local","level":"INFO","consoleLevel":"INFO","disableConsoleAfterReady":false,"outputJSON":false,"buffer":true,"appLogName":"unknownServer-web.log","coreLogName":"egg-web.log","agentLogName":"egg-agent.log","errorLogName":"common-error.log","coreLogger":{"consoleLevel":"WARN"},"allowDebugAtProd":true,"type":"application"}
2018-06-02 15:21:31,628 INFO 9580 [egg-schedule]: register schedule /Users/black/unknownServer/node_modules/egg-logrotator/app/schedule/clean_log.js
2018-06-02 15:21:31,628 INFO 9580 [egg-schedule]: register schedule /Users/black/unknownServer/node_modules/egg-logrotator/app/schedule/rotate_by_file.js
2018-06-02 15:21:31,628 INFO 9580 [egg-schedule]: register schedule /Users/black/unknownServer/node_modules/egg-alinode/app/schedule/removeLogs.js
2018-06-02 15:21:31,720 INFO 9580 [egg-static] starting static serve /public/ -> /Users/black/unknownServer/app/public
2018-06-02 15:21:31,723 INFO 9580 [egg-security] use csrf middleware
2018-06-02 15:21:31,724 INFO 9580 [egg-security] use methodnoallow middleware
2018-06-02 15:21:31,725 INFO 9580 [egg-security] use noopen middleware
2018-06-02 15:21:31,731 INFO 9580 [egg-security] use nosniff middleware
2018-06-02 15:21:31,731 INFO 9580 [egg-security] use xssProtection middleware
2018-06-02 15:21:31,732 INFO 9580 [egg-security] use xframe middleware
2018-06-02 15:21:31,735 INFO 9580 [egg-security] use dta middleware
2018-06-02 15:21:31,735 INFO 9580 [egg-security] compose 7 middlewares into one security middleware
2018-06-02 15:21:31,749 INFO 9580 [egg:core] dump config after load, 6ms
2018-06-02 15:21:31,770 INFO 9580 [egg-watcher:app] watcher start success
2018-06-02 15:21:31,779 INFO 9580 [egg:core] dump config after ready, 3ms
2018-06-02 15:23:00,144 INFO 9594 [egg:logger] init all loggers with options: {"dir":"/Users/black/unknownServer/logs/unknownServer","encoding":"utf8","env":"local","level":"INFO","consoleLevel":"INFO","disableConsoleAfterReady":false,"outputJSON":false,"buffer":true,"appLogName":"unknownServer-web.log","coreLogName":"egg-web.log","agentLogName":"egg-agent.log","errorLogName":"common-error.log","coreLogger":{"consoleLevel":"WARN"},"allowDebugAtProd":true,"type":"application"}
2018-06-02 15:23:00,194 INFO 9594 [egg-schedule]: register schedule /Users/black/unknownServer/node_modules/egg-logrotator/app/schedule/clean_log.js
2018-06-02 15:23:00,194 INFO 9594 [egg-schedule]: register schedule /Users/black/unknownServer/node_modules/egg-logrotator/app/schedule/rotate_by_file.js
2018-06-02 15:23:00,194 INFO 9594 [egg-schedule]: register schedule /Users/black/unknownServer/node_modules/egg-alinode/app/schedule/removeLogs.js
2018-06-02 15:23:00,293 INFO 9594 [egg-static] starting static serve /public/ -> /Users/black/unknownServer/app/public
2018-06-02 15:23:00,297 INFO 9594 [egg-security] use csrf middleware
2018-06-02 15:23:00,298 INFO 9594 [egg-security] use methodnoallow middleware
2018-06-02 15:23:00,299 INFO 9594 [egg-security] use noopen middleware
2018-06-02 15:23:00,300 INFO 9594 [egg-security] use nosniff middleware
2018-06-02 15:23:00,304 INFO 9594 [egg-security] use xssProtection middleware
2018-06-02 15:23:00,305 INFO 9594 [egg-security] use xframe middleware
2018-06-02 15:23:00,307 INFO 9594 [egg-security] use dta middleware
2018-06-02 15:23:00,307 INFO 9594 [egg-security] compose 7 middlewares into one security middleware
2018-06-02 15:23:00,321 INFO 9594 [egg:core] dump config after load, 6ms
2018-06-02 15:23:00,344 INFO 9594 [egg-watcher:app] watcher start success
2018-06-02 15:23:00,355 INFO 9594 [egg:core] dump config after ready, 5ms
2018-06-02 16:28:24,159 INFO 9995 [egg:logger] init all loggers with options: {"dir":"/Users/black/unknownServer/logs/unknownServer","encoding":"utf8","env":"local","level":"INFO","consoleLevel":"INFO","disableConsoleAfterReady":false,"outputJSON":false,"buffer":true,"appLogName":"unknownServer-web.log","coreLogName":"egg-web.log","agentLogName":"egg-agent.log","errorLogName":"common-error.log","coreLogger":{"consoleLevel":"WARN"},"allowDebugAtProd":true,"type":"application"}
2018-06-02 16:28:24,209 INFO 9995 [egg-schedule]: register schedule /Users/black/unknownServer/node_modules/egg-logrotator/app/schedule/clean_log.js
2018-06-02 16:28:24,209 INFO 9995 [egg-schedule]: register schedule /Users/black/unknownServer/node_modules/egg-logrotator/app/schedule/rotate_by_file.js
2018-06-02 16:28:24,209 INFO 9995 [egg-schedule]: register schedule /Users/black/unknownServer/node_modules/egg-alinode/app/schedule/removeLogs.js
2018-06-02 16:28:24,318 INFO 9995 [egg-static] starting static serve /public/ -> /Users/black/unknownServer/app/public
2018-06-02 16:28:24,321 INFO 9995 [egg-security] use csrf middleware
2018-06-02 16:28:24,322 INFO 9995 [egg-security] use methodnoallow middleware
2018-06-02 16:28:24,323 INFO 9995 [egg-security] use noopen middleware
2018-06-02 16:28:24,328 INFO 9995 [egg-security] use nosniff middleware
2018-06-02 16:28:24,328 INFO 9995 [egg-security] use xssProtection middleware
2018-06-02 16:28:24,329 INFO 9995 [egg-security] use xframe middleware
2018-06-02 16:28:24,332 INFO 9995 [egg-security] use dta middleware
2018-06-02 16:28:24,332 INFO 9995 [egg-security] compose 7 middlewares into one security middleware
2018-06-02 16:28:24,345 INFO 9995 [egg:core] dump config after load, 7ms
2018-06-02 16:28:24,367 INFO 9995 [egg-watcher:app] watcher start success
2018-06-02 16:28:24,378 INFO 9995 [egg:core] dump config after ready, 4ms
